0 info it worked if it ends with ok
1 verbose cli [ '/usr/bin/node', '/usr/bin/npm', 'start' ]
2 info using npm@3.5.2
3 info using node@v8.10.0
4 verbose run-script [ 'prestart', 'start', 'poststart' ]
5 info lifecycle SMU_POA_System@0.0.1~prestart: SMU_POA_System@0.0.1
6 silly lifecycle SMU_POA_System@0.0.1~prestart: no script for prestart, continuing
7 info lifecycle SMU_POA_System@0.0.1~start: SMU_POA_System@0.0.1
8 verbose lifecycle SMU_POA_System@0.0.1~start: unsafe-perm in lifecycle true
9 verbose lifecycle SMU_POA_System@0.0.1~start: PATH: /usr/share/npm/bin/node-gyp-bin:/home/dell/repository/SMU_News_POA_Proj_WRH/web/node_modules/.bin:/home/dell/.local/bin:/home/dell/.local/bin:/usr/local/sbin:/usr/local/bin:/usr/sbin:/usr/bin:/sbin:/bin:/usr/games:/usr/local/games:/snap/bin
10 verbose lifecycle SMU_POA_System@0.0.1~start: CWD: /home/dell/repository/SMU_News_POA_Proj_WRH/web
11 silly lifecycle SMU_POA_System@0.0.1~start: Args: [ '-c', 'node ./bin/www' ]
12 silly lifecycle SMU_POA_System@0.0.1~start: Returned: code: 1  signal: null
13 info lifecycle SMU_POA_System@0.0.1~start: Failed to exec start script
14 verbose stack Error: SMU_POA_System@0.0.1 start: `node ./bin/www`
14 verbose stack Exit status 1
14 verbose stack     at EventEmitter.<anonymous> (/usr/share/npm/lib/utils/lifecycle.js:232:16)
14 verbose stack     at emitTwo (events.js:126:13)
14 verbose stack     at EventEmitter.emit (events.js:214:7)
14 verbose stack     at ChildProcess.<anonymous> (/usr/share/npm/lib/utils/spawn.js:24:14)
14 verbose stack     at emitTwo (events.js:126:13)
14 verbose stack     at ChildProcess.emit (events.js:214:7)
14 verbose stack     at maybeClose (internal/child_process.js:925:16)
14 verbose stack     at Process.ChildProcess._handle.onexit (internal/child_process.js:209:5)
15 verbose pkgid SMU_POA_System@0.0.1
16 verbose cwd /home/dell/repository/SMU_News_POA_Proj_WRH/web
17 error Linux 4.15.0-29-generic
18 error argv "/usr/bin/node" "/usr/bin/npm" "start"
19 error node v8.10.0
20 error npm  v3.5.2
21 error code ELIFECYCLE
22 error SMU_POA_System@0.0.1 start: `node ./bin/www`
22 error Exit status 1
23 error Failed at the SMU_POA_System@0.0.1 start script 'node ./bin/www'.
23 error Make sure you have the latest version of node.js and npm installed.
23 error If you do, this is most likely a problem with the SMU_POA_System package,
23 error not with npm itself.
23 error Tell the author that this fails on your system:
23 error     node ./bin/www
23 error You can get information on how to open an issue for this project with:
23 error     npm bugs SMU_POA_System
23 error Or if that isn't available, you can get their info via:
23 error     npm owner ls SMU_POA_System
23 error There is likely additional logging output above.
24 verbose exit [ 1, true ]
